<?xml version="1.0" encoding="UTF-8"?>
<!-- Generated by org.testng.reporters.JUnitReportReporter -->
<testsuite hostname="LAPTOP-R3SUFVC3" failures="0" tests="1" name="module1_login_Test.POM_loginpage_TestNG" time="13.903" errors="0" timestamp="2022-07-27T10:13:27 PDT" skipped="0">
  <testcase classname="module1_login_Test.POM_loginpage_TestNG" name="verifyuserID" time="13.903"/>
  <system-out/>
</testsuite> <!-- module1_login_Test.POM_loginpage_TestNG -->
